<?xml version="1.0" encoding="UTF-8"?>
<coverage generated="1535622457330" clover="3.2.0">
  <project timestamp="1535622457330" name="All files">
    <metrics statements="241" coveredstatements="240" conditionals="86" coveredconditionals="85" methods="72" coveredmethods="72" elements="399" coveredelements="397" complexity="0" loc="241" ncloc="241" packages="2" files="7" classes="7">
      <package name="fluxurious">
        <metrics statements="4" coveredstatements="4" conditionals="0" coveredconditionals="0" methods="0" coveredmethods="0"/>
        <file name="jest.test.setup.js" path="C:\Users\Gary.VG23\Projects\__\lib-ts\fluxurious\jest.test.setup.js">
          <metrics statements="4" coveredstatements="4" conditionals="0" coveredconditionals="0" methods="0" coveredmethods="0"/>
          <line num="1" count="4" type="stmt"/>
          <line num="2" count="4" type="stmt"/>
          <line num="3" count="4" type="stmt"/>
          <line num="5" count="4" type="stmt"/>
        </file>
      </package>
      <package name="fluxurious.src">
        <metrics statements="237" coveredstatements="236" conditionals="86" coveredconditionals="85" methods="72" coveredmethods="72"/>
        <file name="context.tsx" path="C:\Users\Gary.VG23\Projects\__\lib-ts\fluxurious\src\context.tsx">
          <metrics statements="66" coveredstatements="65" conditionals="28" coveredconditionals="27" methods="19" coveredmethods="19"/>
          <line num="1" count="3" type="stmt"/>
          <line num="4" count="3" type="stmt"/>
          <line num="27" count="3" type="stmt"/>
          <line num="28" count="3" type="cond" truecount="2" falsecount="0"/>
          <line num="29" count="2" type="stmt"/>
          <line num="32" count="3" type="stmt"/>
          <line num="37" count="1" type="stmt"/>
          <line num="39" count="1" type="stmt"/>
          <line num="40" count="1" type="stmt"/>
          <line num="41" count="1" type="stmt"/>
          <line num="42" count="1" type="stmt"/>
          <line num="43" count="1" type="stmt"/>
          <line num="44" count="1" type="cond" truecount="2" falsecount="0"/>
          <line num="46" count="1" type="stmt"/>
          <line num="47" count="1" type="stmt"/>
          <line num="49" count="1" type="stmt"/>
          <line num="51" count="3" type="cond" truecount="2" falsecount="0"/>
          <line num="52" count="3" type="stmt"/>
          <line num="53" count="3" type="stmt"/>
          <line num="56" count="1" type="stmt"/>
          <line num="57" count="3" type="stmt"/>
          <line num="58" count="3" type="cond" truecount="2" falsecount="0"/>
          <line num="59" count="3" type="stmt"/>
          <line num="62" count="1" type="stmt"/>
          <line num="63" count="3" type="stmt"/>
          <line num="64" count="3" type="cond" truecount="2" falsecount="0"/>
          <line num="67" count="1" type="stmt"/>
          <line num="68" count="1" type="stmt"/>
          <line num="69" count="1" type="stmt"/>
          <line num="70" count="1" type="cond" truecount="2" falsecount="0"/>
          <line num="71" count="1" type="stmt"/>
          <line num="74" count="1" type="stmt"/>
          <line num="75" count="6" type="stmt"/>
          <line num="76" count="6" type="cond" truecount="2" falsecount="0"/>
          <line num="77" count="6" type="stmt"/>
          <line num="80" count="3" type="stmt"/>
          <line num="81" count="3" type="cond" truecount="1" falsecount="1"/>
          <line num="82" count="0" type="stmt"/>
          <line num="84" count="3" type="stmt"/>
          <line num="85" count="3" type="cond" truecount="2" falsecount="0"/>
          <line num="86" count="3" type="stmt"/>
          <line num="88" count="1" type="stmt"/>
          <line num="91" count="3" type="stmt"/>
          <line num="92" count="3" type="stmt"/>
          <line num="93" count="3" type="stmt"/>
          <line num="94" count="3" type="stmt"/>
          <line num="95" count="3" type="stmt"/>
          <line num="97" count="3" type="stmt"/>
          <line num="98" count="3" type="stmt"/>
          <line num="99" count="3" type="cond" truecount="4" falsecount="0"/>
          <line num="102" count="3" type="stmt"/>
          <line num="103" count="1" type="cond" truecount="4" falsecount="0"/>
          <line num="106" count="3" type="stmt"/>
          <line num="107" count="3" type="stmt"/>
          <line num="109" count="3" type="stmt"/>
          <line num="110" count="5" type="cond" truecount="2" falsecount="0"/>
          <line num="111" count="1" type="stmt"/>
          <line num="113" count="5" type="stmt"/>
          <line num="114" count="5" type="stmt"/>
          <line num="115" count="5" type="stmt"/>
          <line num="118" count="3" type="stmt"/>
          <line num="121" count="1" type="stmt"/>
          <line num="122" count="4" type="stmt"/>
          <line num="125" count="1" type="stmt"/>
          <line num="126" count="5" type="stmt"/>
          <line num="128" count="3" type="stmt"/>
        </file>
        <file name="dll.ts" path="C:\Users\Gary.VG23\Projects\__\lib-ts\fluxurious\src\dll.ts">
          <metrics statements="53" coveredstatements="53" conditionals="16" coveredconditionals="16" methods="13" coveredmethods="13"/>
          <line num="14" count="4" type="stmt"/>
          <line num="15" count="4" type="stmt"/>
          <line num="18" count="23" type="stmt"/>
          <line num="20" count="4" type="stmt"/>
          <line num="21" count="9" type="cond" truecount="2" falsecount="0"/>
          <line num="22" count="2" type="stmt"/>
          <line num="23" count="2" type="cond" truecount="2" falsecount="0"/>
          <line num="24" count="1" type="stmt"/>
          <line num="27" count="6" type="stmt"/>
          <line num="29" count="7" type="stmt"/>
          <line num="30" count="7" type="stmt"/>
          <line num="32" count="7" type="stmt"/>
          <line num="33" count="7" type="stmt"/>
          <line num="35" count="4" type="stmt"/>
          <line num="37" count="4" type="stmt"/>
          <line num="42" count="7" type="stmt"/>
          <line num="43" count="7" type="stmt"/>
          <line num="46" count="4" type="stmt"/>
          <line num="47" count="19" type="stmt"/>
          <line num="50" count="75" type="cond" truecount="2" falsecount="0"/>
          <line num="51" count="38" type="cond" truecount="2" falsecount="0"/>
          <line num="52" count="38" type="stmt"/>
          <line num="53" count="98" type="stmt"/>
          <line num="54" count="97" type="cond" truecount="2" falsecount="0"/>
          <line num="58" count="4" type="stmt"/>
          <line num="59" count="5" type="stmt"/>
          <line num="62" count="4" type="stmt"/>
          <line num="63" count="16" type="stmt"/>
          <line num="66" count="18" type="cond" truecount="2" falsecount="0"/>
          <line num="67" count="16" type="stmt"/>
          <line num="68" count="16" type="stmt"/>
          <line num="69" count="16" type="stmt"/>
          <line num="71" count="16" type="stmt"/>
          <line num="72" count="16" type="stmt"/>
          <line num="74" count="16" type="stmt"/>
          <line num="77" count="4" type="stmt"/>
          <line num="78" count="18" type="cond" truecount="2" falsecount="0"/>
          <line num="79" count="1" type="stmt"/>
          <line num="81" count="16" type="stmt"/>
          <line num="82" count="16" type="stmt"/>
          <line num="83" count="16" type="stmt"/>
          <line num="85" count="16" type="stmt"/>
          <line num="86" count="23" type="cond" truecount="2" falsecount="0"/>
          <line num="88" count="7" type="stmt"/>
          <line num="89" count="7" type="stmt"/>
          <line num="91" count="23" type="stmt"/>
          <line num="94" count="16" type="stmt"/>
          <line num="98" count="4" type="stmt"/>
          <line num="99" count="19" type="stmt"/>
          <line num="100" count="19" type="stmt"/>
          <line num="101" count="54" type="stmt"/>
          <line num="103" count="19" type="stmt"/>
          <line num="105" count="4" type="stmt"/>
        </file>
        <file name="event.ts" path="C:\Users\Gary.VG23\Projects\__\lib-ts\fluxurious\src\event.ts">
          <metrics statements="71" coveredstatements="71" conditionals="32" coveredconditionals="32" methods="21" coveredmethods="21"/>
          <line num="1" count="3" type="stmt"/>
          <line num="15" count="3" type="stmt"/>
          <line num="16" count="3" type="cond" truecount="2" falsecount="0"/>
          <line num="17" count="2" type="stmt"/>
          <line num="20" count="3" type="stmt"/>
          <line num="24" count="6" type="stmt"/>
          <line num="27" count="6" type="stmt"/>
          <line num="28" count="6" type="stmt"/>
          <line num="29" count="6" type="cond" truecount="2" falsecount="0"/>
          <line num="30" count="6" type="stmt"/>
          <line num="33" count="3" type="stmt"/>
          <line num="34" count="11" type="stmt"/>
          <line num="37" count="3" type="stmt"/>
          <line num="38" count="2" type="stmt"/>
          <line num="41" count="3" type="stmt"/>
          <line num="42" count="1" type="stmt"/>
          <line num="45" count="18" type="stmt"/>
          <line num="46" count="18" type="stmt"/>
          <line num="47" count="18" type="stmt"/>
          <line num="48" count="18" type="stmt"/>
          <line num="50" count="2" type="stmt"/>
          <line num="51" count="2" type="stmt"/>
          <line num="56" count="3" type="stmt"/>
          <line num="57" count="2" type="stmt"/>
          <line num="60" count="3" type="stmt"/>
          <line num="61" count="14" type="stmt"/>
          <line num="64" count="16" type="stmt"/>
          <line num="65" count="16" type="stmt"/>
          <line num="68" count="16" type="cond" truecount="2" falsecount="0"/>
          <line num="69" count="10" type="stmt"/>
          <line num="70" count="6" type="cond" truecount="2" falsecount="0"/>
          <line num="71" count="5" type="stmt"/>
          <line num="73" count="1" type="stmt"/>
          <line num="76" count="14" type="stmt"/>
          <line num="78" count="13" type="stmt"/>
          <line num="80" count="13" type="cond" truecount="2" falsecount="0"/>
          <line num="84" count="7" type="stmt"/>
          <line num="85" count="7" type="stmt"/>
          <line num="90" count="13" type="stmt"/>
          <line num="91" count="4" type="stmt"/>
          <line num="92" count="5" type="cond" truecount="2" falsecount="0"/>
          <line num="93" count="5" type="stmt"/>
          <line num="98" count="3" type="stmt"/>
          <line num="99" count="5" type="stmt"/>
          <line num="101" count="5" type="stmt"/>
          <line num="102" count="7" type="cond" truecount="2" falsecount="0"/>
          <line num="103" count="6" type="stmt"/>
          <line num="107" count="6" type="cond" truecount="6" falsecount="0"/>
          <line num="108" count="6" type="stmt"/>
          <line num="109" count="6" type="stmt"/>
          <line num="110" count="6" type="stmt"/>
          <line num="112" count="1" type="stmt"/>
          <line num="116" count="4" type="stmt"/>
          <line num="119" count="3" type="stmt"/>
          <line num="120" count="10" type="stmt"/>
          <line num="122" count="10" type="cond" truecount="8" falsecount="0"/>
          <line num="124" count="10" type="stmt"/>
          <line num="125" count="10" type="stmt"/>
          <line num="127" count="10" type="stmt"/>
          <line num="130" count="3" type="stmt"/>
          <line num="131" count="17" type="stmt"/>
          <line num="133" count="17" type="cond" truecount="2" falsecount="0"/>
          <line num="134" count="17" type="stmt"/>
          <line num="135" count="32" type="stmt"/>
          <line num="136" count="32" type="stmt"/>
          <line num="137" count="32" type="stmt"/>
          <line num="139" count="1" type="stmt"/>
          <line num="140" count="1" type="stmt"/>
          <line num="144" count="3" type="stmt"/>
          <line num="147" count="3" type="stmt"/>
          <line num="154" count="3" type="stmt"/>
        </file>
        <file name="index.ts" path="C:\Users\Gary.VG23\Projects\__\lib-ts\fluxurious\src\index.ts">
          <metrics statements="5" coveredstatements="5" conditionals="0" coveredconditionals="0" methods="0" coveredmethods="0"/>
          <line num="1" count="3" type="stmt"/>
          <line num="2" count="3" type="stmt"/>
          <line num="3" count="3" type="stmt"/>
          <line num="4" count="3" type="stmt"/>
          <line num="5" count="3" type="stmt"/>
        </file>
        <file name="log.ts" path="C:\Users\Gary.VG23\Projects\__\lib-ts\fluxurious\src\log.ts">
          <metrics statements="15" coveredstatements="15" conditionals="0" coveredconditionals="0" methods="12" coveredmethods="12"/>
          <line num="5" count="3" type="stmt"/>
          <line num="7" count="1" type="stmt"/>
          <line num="10" count="8" type="stmt"/>
          <line num="13" count="5" type="stmt"/>
          <line num="16" count="4" type="stmt"/>
          <line num="20" count="3" type="stmt"/>
          <line num="22" count="1" type="stmt"/>
          <line num="26" count="3" type="stmt"/>
          <line num="28" count="1" type="stmt"/>
          <line num="31" count="3" type="stmt"/>
          <line num="34" count="1" type="stmt"/>
          <line num="37" count="3" type="stmt"/>
          <line num="40" count="1" type="stmt"/>
          <line num="43" count="3" type="stmt"/>
          <line num="46" count="6" type="stmt"/>
        </file>
        <file name="store.ts" path="C:\Users\Gary.VG23\Projects\__\lib-ts\fluxurious\src\store.ts">
          <metrics statements="27" coveredstatements="27" conditionals="10" coveredconditionals="10" methods="7" coveredmethods="7"/>
          <line num="2" count="3" type="stmt"/>
          <line num="8" count="3" type="stmt"/>
          <line num="9" count="3" type="cond" truecount="2" falsecount="0"/>
          <line num="10" count="2" type="stmt"/>
          <line num="13" count="3" type="stmt"/>
          <line num="15" count="3" type="stmt"/>
          <line num="21" count="3" type="stmt"/>
          <line num="22" count="3" type="cond" truecount="2" falsecount="0"/>
          <line num="23" count="1" type="stmt"/>
          <line num="25" count="2" type="stmt"/>
          <line num="26" count="2" type="cond" truecount="2" falsecount="0"/>
          <line num="27" count="2" type="stmt"/>
          <line num="28" count="2" type="stmt"/>
          <line num="29" count="2" type="stmt"/>
          <line num="32" count="3" type="stmt"/>
          <line num="33" count="1" type="stmt"/>
          <line num="36" count="3" type="stmt"/>
          <line num="37" count="14" type="stmt"/>
          <line num="41" count="3" type="stmt"/>
          <line num="43" count="3" type="stmt"/>
          <line num="44" count="5" type="stmt"/>
          <line num="45" count="5" type="stmt"/>
          <line num="46" count="5" type="cond" truecount="2" falsecount="0"/>
          <line num="47" count="4" type="stmt"/>
          <line num="52" count="3" type="stmt"/>
          <line num="59" count="3" type="stmt"/>
          <line num="61" count="3" type="stmt"/>
        </file>
      </package>
    </metrics>
  </project>
</coverage>
