{"C:\\Users\\Gary.VG23\\Projects\\__\\lib-ts\\fluxurious\\jest.test.setup.js": {"path":"C:\\Users\\Gary.VG23\\Projects\\__\\lib-ts\\fluxurious\\jest.test.setup.js","statementMap":{"0":{"start":{"line":1,"column":0},"end":{"line":1,"column":25}},"1":{"start":{"line":2,"column":15},"end":{"line":2,"column":32}},"2":{"start":{"line":3,"column":16},"end":{"line":3,"column":50}},"3":{"start":{"line":5,"column":0},"end":{"line":5,"column":45}}},"fnMap":{},"branchMap":{},"s":{"0":4,"1":4,"2":4,"3":4},"f":{},"b":{},"_coverageSchema":"332fd63041d2c1bcb487cc26dd0d5f7d97098a6c","hash":"596598cbae655cd76bd7cadf6e06d0c6a2e2c982"}
,"C:\\Users\\Gary.VG23\\Projects\\__\\lib-ts\\fluxurious\\src\\context.tsx": {"path":"C:\\Users\\Gary.VG23\\Projects\\__\\lib-ts\\fluxurious\\src\\context.tsx","statementMap":{"0":{"start":{"line":1,"column":0},"end":{"line":1,"column":30}},"1":{"start":{"line":4,"column":0},"end":{"line":4,"column":21}},"2":{"start":{"line":27,"column":0},"end":{"line":128,"column":0}},"3":{"start":{"line":39,"column":2},"end":{"line":89,"column":2}},"4":{"start":{"line":39,"column":22},"end":{"line":39,"column":34}},"5":{"start":{"line":37,"column":10},"end":{"line":37,"column":37}},"6":{"start":{"line":121,"column":10},"end":{"line":123,"column":4}},"7":{"start":{"line":122,"column":4},"end":{"line":122,"column":31}},"8":{"start":{"line":125,"column":10},"end":{"line":127,"column":4}},"9":{"start":{"line":126,"column":4},"end":{"line":126,"column":26}},"10":{"start":{"line":40,"column":10},"end":{"line":40,"column":66}},"11":{"start":{"line":40,"column":12},"end":{"line":40,"column":20}},"12":{"start":{"line":40,"column":22},"end":{"line":40,"column":30}},"13":{"start":{"line":41,"column":4},"end":{"line":41,"column":29}},"14":{"start":{"line":42,"column":18},"end":{"line":42,"column":42}},"15":{"start":{"line":43,"column":12},"end":{"line":43,"column":20}},"16":{"start":{"line":44,"column":4},"end":{"line":44,"column":32}},"17":{"start":{"line":46,"column":17},"end":{"line":46,"column":27}},"18":{"start":{"line":47,"column":20},"end":{"line":47,"column":32}},"19":{"start":{"line":49,"column":4},"end":{"line":88,"column":6}},"20":{"start":{"line":49,"column":45},"end":{"line":49,"column":80}},"21":{"start":{"line":51,"column":8},"end":{"line":51,"column":20}},"22":{"start":{"line":80,"column":14},"end":{"line":87,"column":8}},"23":{"start":{"line":81,"column":8},"end":{"line":83,"column":9}},"24":{"start":{"line":82,"column":10},"end":{"line":82,"column":17}},"25":{"start":{"line":84,"column":16},"end":{"line":84,"column":37}},"26":{"start":{"line":85,"column":8},"end":{"line":85,"column":62}},"27":{"start":{"line":86,"column":8},"end":{"line":86,"column":48}},"28":{"start":{"line":52,"column":16},"end":{"line":52,"column":21}},"29":{"start":{"line":53,"column":8},"end":{"line":53,"column":49}},"30":{"start":{"line":56,"column":13},"end":{"line":60,"column":7}},"31":{"start":{"line":57,"column":16},"end":{"line":57,"column":31}},"32":{"start":{"line":58,"column":8},"end":{"line":58,"column":50}},"33":{"start":{"line":59,"column":8},"end":{"line":59,"column":22}},"34":{"start":{"line":62,"column":13},"end":{"line":65,"column":7}},"35":{"start":{"line":63,"column":16},"end":{"line":63,"column":21}},"36":{"start":{"line":64,"column":8},"end":{"line":64,"column":89}},"37":{"start":{"line":67,"column":13},"end":{"line":72,"column":7}},"38":{"start":{"line":68,"column":8},"end":{"line":68,"column":17}},"39":{"start":{"line":69,"column":16},"end":{"line":69,"column":33}},"40":{"start":{"line":70,"column":8},"end":{"line":70,"column":54}},"41":{"start":{"line":71,"column":8},"end":{"line":71,"column":23}},"42":{"start":{"line":74,"column":13},"end":{"line":78,"column":7}},"43":{"start":{"line":75,"column":16},"end":{"line":75,"column":32}},"44":{"start":{"line":76,"column":8},"end":{"line":76,"column":52}},"45":{"start":{"line":77,"column":8},"end":{"line":77,"column":88}},"46":{"start":{"line":88,"column":4},"end":{"line":88,"column":5}},"47":{"start":{"line":28,"column":16},"end":{"line":30,"column":3}},"48":{"start":{"line":28,"column":26},"end":{"line":28,"column":52}},"49":{"start":{"line":29,"column":4},"end":{"line":29,"column":28}},"50":{"start":{"line":91,"column":9},"end":{"line":119,"column":3}},"51":{"start":{"line":92,"column":21},"end":{"line":92,"column":34}},"52":{"start":{"line":93,"column":21},"end":{"line":93,"column":30}},"53":{"start":{"line":94,"column":20},"end":{"line":94,"column":32}},"54":{"start":{"line":95,"column":10},"end":{"line":95,"column":65}},"55":{"start":{"line":95,"column":12},"end":{"line":95,"column":27}},"56":{"start":{"line":95,"column":29},"end":{"line":95,"column":46}},"57":{"start":{"line":97,"column":4},"end":{"line":118,"column":6}},"58":{"start":{"line":97,"column":35},"end":{"line":97,"column":53}},"59":{"start":{"line":98,"column":13},"end":{"line":100,"column":7}},"60":{"start":{"line":99,"column":8},"end":{"line":99,"column":102}},"61":{"start":{"line":102,"column":13},"end":{"line":104,"column":7}},"62":{"start":{"line":103,"column":8},"end":{"line":103,"column":106}},"63":{"start":{"line":106,"column":13},"end":{"line":117,"column":7}},"64":{"start":{"line":107,"column":16},"end":{"line":107,"column":49}},"65":{"start":{"line":109,"column":8},"end":{"line":116,"column":11}},"66":{"start":{"line":110,"column":10},"end":{"line":112,"column":11}},"67":{"start":{"line":111,"column":12},"end":{"line":111,"column":112}},"68":{"start":{"line":113,"column":25},"end":{"line":113,"column":27}},"69":{"start":{"line":114,"column":10},"end":{"line":114,"column":35}},"70":{"start":{"line":115,"column":10},"end":{"line":115,"column":65}},"71":{"start":{"line":118,"column":4},"end":{"line":118,"column":5}},"72":{"start":{"line":32,"column":17},"end":{"line":32,"column":61}},"73":{"start":{"line":128,"column":0},"end":{"line":128,"column":1}},"74":{"start":{"line":27,"column":13},"end":{"line":27,"column":20}}},"fnMap":{"0":{"name":"(anonymous_8)","decl":{"start":{"line":27,"column":0},"end":{"line":null,"column":-1}},"loc":{"start":{"line":27,"column":0},"end":{"line":27,"column":-1}}},"1":{"name":"Context","decl":{"start":{"line":39,"column":2},"end":{"line":39,"column":21}},"loc":{"start":{"line":39,"column":34},"end":{"line":89,"column":3}}},"2":{"name":"(anonymous_10)","decl":{"start":{"line":121,"column":20},"end":{"line":121,"column":20}},"loc":{"start":{"line":121,"column":39},"end":{"line":123,"column":3}}},"3":{"name":"(anonymous_11)","decl":{"start":{"line":125,"column":20},"end":{"line":null,"column":-1}},"loc":{"start":{"line":125,"column":20},"end":{"line":127,"column":3}}},"4":{"name":"(anonymous_12)","decl":{"start":{"line":49,"column":17},"end":{"line":null,"column":-1}},"loc":{"start":{"line":49,"column":17},"end":{"line":49,"column":20}}},"5":{"name":"MyProvider","decl":{"start":{"line":50,"column":6},"end":{"line":50,"column":17}},"loc":{"start":{"line":50,"column":33},"end":{"line":54,"column":7}}},"6":{"name":"(anonymous_14)","decl":{"start":{"line":80,"column":36},"end":{"line":80,"column":36}},"loc":{"start":{"line":80,"column":48},"end":{"line":87,"column":7}}},"7":{"name":"(anonymous_15)","decl":{"start":{"line":56,"column":6},"end":{"line":null,"column":-1}},"loc":{"start":{"line":56,"column":6},"end":{"line":60,"column":7}}},"8":{"name":"(anonymous_16)","decl":{"start":{"line":62,"column":6},"end":{"line":null,"column":-1}},"loc":{"start":{"line":62,"column":6},"end":{"line":65,"column":7}}},"9":{"name":"(anonymous_17)","decl":{"start":{"line":67,"column":6},"end":{"line":null,"column":-1}},"loc":{"start":{"line":67,"column":6},"end":{"line":72,"column":7}}},"10":{"name":"(anonymous_18)","decl":{"start":{"line":74,"column":6},"end":{"line":null,"column":-1}},"loc":{"start":{"line":74,"column":6},"end":{"line":78,"column":7}}},"11":{"name":"(anonymous_19)","decl":{"start":{"line":28,"column":2},"end":{"line":28,"column":25}},"loc":{"start":{"line":28,"column":52},"end":{"line":30,"column":3}}},"12":{"name":"(anonymous_20)","decl":{"start":{"line":91,"column":2},"end":{"line":91,"column":19}},"loc":{"start":{"line":91,"column":57},"end":{"line":119,"column":3}}},"13":{"name":"(anonymous_21)","decl":{"start":{"line":97,"column":4},"end":{"line":null,"column":-1}},"loc":{"start":{"line":97,"column":4},"end":{"line":97,"column":11}}},"14":{"name":"WithState","decl":{"start":{"line":97,"column":11},"end":{"line":null,"column":-1}},"loc":{"start":{"line":97,"column":11},"end":{"line":118,"column":5}}},"15":{"name":"(anonymous_23)","decl":{"start":{"line":98,"column":6},"end":{"line":null,"column":-1}},"loc":{"start":{"line":98,"column":6},"end":{"line":100,"column":7}}},"16":{"name":"(anonymous_24)","decl":{"start":{"line":102,"column":6},"end":{"line":null,"column":-1}},"loc":{"start":{"line":102,"column":6},"end":{"line":104,"column":7}}},"17":{"name":"(anonymous_25)","decl":{"start":{"line":106,"column":6},"end":{"line":null,"column":-1}},"loc":{"start":{"line":106,"column":6},"end":{"line":117,"column":7}}},"18":{"name":"(anonymous_26)","decl":{"start":{"line":109,"column":51},"end":{"line":109,"column":51}},"loc":{"start":{"line":109,"column":60},"end":{"line":116,"column":9}}}},"branchMap":{"0":{"loc":{"start":{"line":44,"column":4},"end":{"line":44,"column":12}},"type":"binary-expr","locations":[{"start":{"line":44,"column":4},"end":{"line":44,"column":12}},{"start":{"line":44,"column":16},"end":{"line":44,"column":31}}]},"1":{"loc":{"start":{"line":51,"column":8},"end":{"line":51,"column":20}},"type":"binary-expr","locations":[{"start":{"line":51,"column":8},"end":{"line":51,"column":20}},{"start":{"line":51,"column":20},"end":{"line":54,"column":6}}]},"2":{"loc":{"start":{"line":81,"column":8},"end":{"line":83,"column":9}},"type":"if","locations":[{"start":{"line":81,"column":8},"end":{"line":83,"column":9}},{"start":{"line":81,"column":8},"end":{"line":83,"column":9}}]},"3":{"loc":{"start":{"line":85,"column":8},"end":{"line":85,"column":29}},"type":"binary-expr","locations":[{"start":{"line":85,"column":8},"end":{"line":85,"column":29}},{"start":{"line":85,"column":33},"end":{"line":85,"column":61}}]},"4":{"loc":{"start":{"line":58,"column":8},"end":{"line":58,"column":23}},"type":"binary-expr","locations":[{"start":{"line":58,"column":8},"end":{"line":58,"column":23}},{"start":{"line":58,"column":27},"end":{"line":58,"column":49}}]},"5":{"loc":{"start":{"line":64,"column":8},"end":{"line":64,"column":13}},"type":"binary-expr","locations":[{"start":{"line":64,"column":8},"end":{"line":64,"column":13}},{"start":{"line":64,"column":18},"end":{"line":64,"column":87}}]},"6":{"loc":{"start":{"line":70,"column":8},"end":{"line":70,"column":25}},"type":"binary-expr","locations":[{"start":{"line":70,"column":8},"end":{"line":70,"column":25}},{"start":{"line":70,"column":29},"end":{"line":70,"column":53}}]},"7":{"loc":{"start":{"line":76,"column":8},"end":{"line":76,"column":24}},"type":"binary-expr","locations":[{"start":{"line":76,"column":8},"end":{"line":76,"column":24}},{"start":{"line":76,"column":28},"end":{"line":76,"column":51}}]},"8":{"loc":{"start":{"line":28,"column":26},"end":{"line":28,"column":52}},"type":"if","locations":[{"start":{"line":28,"column":26},"end":{"line":28,"column":52}},{"start":{"line":28,"column":26},"end":{"line":28,"column":52}}]},"9":{"loc":{"start":{"line":99,"column":8},"end":{"line":99,"column":23}},"type":"binary-expr","locations":[{"start":{"line":99,"column":8},"end":{"line":99,"column":23}},{"start":{"line":99,"column":27},"end":{"line":99,"column":101}}]},"10":{"loc":{"start":{"line":99,"column":43},"end":{"line":99,"column":71}},"type":"binary-expr","locations":[{"start":{"line":99,"column":43},"end":{"line":99,"column":71}},{"start":{"line":99,"column":75},"end":{"line":99,"column":100}}]},"11":{"loc":{"start":{"line":103,"column":8},"end":{"line":103,"column":25}},"type":"binary-expr","locations":[{"start":{"line":103,"column":8},"end":{"line":103,"column":25}},{"start":{"line":103,"column":29},"end":{"line":103,"column":105}}]},"12":{"loc":{"start":{"line":103,"column":47},"end":{"line":103,"column":75}},"type":"binary-expr","locations":[{"start":{"line":103,"column":47},"end":{"line":103,"column":75}},{"start":{"line":103,"column":79},"end":{"line":103,"column":104}}]},"13":{"loc":{"start":{"line":110,"column":10},"end":{"line":112,"column":11}},"type":"if","locations":[{"start":{"line":110,"column":10},"end":{"line":112,"column":11}},{"start":{"line":110,"column":10},"end":{"line":112,"column":11}}]}},"s":{"0":3,"1":3,"2":3,"3":1,"4":1,"5":1,"6":1,"7":4,"8":1,"9":5,"10":1,"11":1,"12":1,"13":1,"14":1,"15":1,"16":1,"17":1,"18":1,"19":1,"20":1,"21":3,"22":3,"23":3,"24":0,"25":3,"26":3,"27":3,"28":3,"29":3,"30":1,"31":3,"32":3,"33":3,"34":1,"35":3,"36":3,"37":1,"38":1,"39":1,"40":1,"41":1,"42":1,"43":6,"44":6,"45":6,"46":1,"47":3,"48":3,"49":2,"50":3,"51":3,"52":3,"53":3,"54":3,"55":3,"56":3,"57":3,"58":3,"59":3,"60":3,"61":3,"62":1,"63":3,"64":3,"65":3,"66":5,"67":1,"68":5,"69":5,"70":5,"71":3,"72":3,"73":3,"74":3},"f":{"0":3,"1":1,"2":4,"3":5,"4":1,"5":3,"6":3,"7":3,"8":3,"9":1,"10":6,"11":2,"12":3,"13":3,"14":3,"15":3,"16":1,"17":3,"18":5},"b":{"0":[1,1],"1":[3,3],"2":[0,3],"3":[3,3],"4":[3,3],"5":[3,3],"6":[1,1],"7":[6,6],"8":[1,1],"9":[3,3],"10":[3,3],"11":[1,1],"12":[1,1],"13":[1,4]}}
,"C:\\Users\\Gary.VG23\\Projects\\__\\lib-ts\\fluxurious\\src\\dll.ts": {"path":"C:\\Users\\Gary.VG23\\Projects\\__\\lib-ts\\fluxurious\\src\\dll.ts","statementMap":{"0":{"start":{"line":14,"column":0},"end":{"line":35,"column":0}},"1":{"start":{"line":18,"column":10},"end":{"line":18,"column":36}},"2":{"start":{"line":20,"column":9},"end":{"line":34,"column":3}},"3":{"start":{"line":21,"column":4},"end":{"line":28,"column":5}},"4":{"start":{"line":22,"column":6},"end":{"line":22,"column":44}},"5":{"start":{"line":23,"column":6},"end":{"line":25,"column":7}},"6":{"start":{"line":24,"column":8},"end":{"line":24,"column":48}},"7":{"start":{"line":27,"column":6},"end":{"line":27,"column":27}},"8":{"start":{"line":29,"column":17},"end":{"line":29,"column":26}},"9":{"start":{"line":30,"column":17},"end":{"line":30,"column":26}},"10":{"start":{"line":32,"column":4},"end":{"line":32,"column":21}},"11":{"start":{"line":33,"column":4},"end":{"line":33,"column":21}},"12":{"start":{"line":15,"column":16},"end":{"line":15,"column":45}},"13":{"start":{"line":35,"column":0},"end":{"line":35,"column":1}},"14":{"start":{"line":14,"column":13},"end":{"line":14,"column":17}},"15":{"start":{"line":37,"column":0},"end":{"line":105,"column":0}},"16":{"start":{"line":42,"column":4},"end":{"line":42,"column":21}},"17":{"start":{"line":43,"column":4},"end":{"line":43,"column":21}},"18":{"start":{"line":46,"column":2},"end":{"line":48,"column":3}},"19":{"start":{"line":47,"column":4},"end":{"line":47,"column":26}},"20":{"start":{"line":50,"column":9},"end":{"line":56,"column":3}},"21":{"start":{"line":50,"column":42},"end":{"line":50,"column":87}},"22":{"start":{"line":51,"column":25},"end":{"line":51,"column":72}},"23":{"start":{"line":52,"column":4},"end":{"line":55,"column":5}},"24":{"start":{"line":53,"column":6},"end":{"line":53,"column":25}},"25":{"start":{"line":54,"column":6},"end":{"line":54,"column":70}},"26":{"start":{"line":58,"column":2},"end":{"line":60,"column":3}},"27":{"start":{"line":59,"column":4},"end":{"line":59,"column":16}},"28":{"start":{"line":62,"column":2},"end":{"line":64,"column":3}},"29":{"start":{"line":63,"column":4},"end":{"line":63,"column":21}},"30":{"start":{"line":66,"column":9},"end":{"line":75,"column":3}},"31":{"start":{"line":66,"column":54},"end":{"line":66,"column":78}},"32":{"start":{"line":67,"column":25},"end":{"line":67,"column":35}},"33":{"start":{"line":68,"column":4},"end":{"line":68,"column":41}},"34":{"start":{"line":69,"column":4},"end":{"line":69,"column":41}},"35":{"start":{"line":71,"column":4},"end":{"line":71,"column":47}},"36":{"start":{"line":72,"column":4},"end":{"line":72,"column":47}},"37":{"start":{"line":74,"column":4},"end":{"line":74,"column":25}},"38":{"start":{"line":77,"column":9},"end":{"line":96,"column":3}},"39":{"start":{"line":78,"column":4},"end":{"line":95,"column":5}},"40":{"start":{"line":79,"column":6},"end":{"line":79,"column":53}},"41":{"start":{"line":81,"column":27},"end":{"line":81,"column":35}},"42":{"start":{"line":82,"column":26},"end":{"line":82,"column":49}},"43":{"start":{"line":83,"column":24},"end":{"line":83,"column":33}},"44":{"start":{"line":85,"column":6},"end":{"line":92,"column":9}},"45":{"start":{"line":86,"column":8},"end":{"line":90,"column":9}},"46":{"start":{"line":88,"column":10},"end":{"line":88,"column":38}},"47":{"start":{"line":89,"column":10},"end":{"line":89,"column":38}},"48":{"start":{"line":91,"column":8},"end":{"line":91,"column":31}},"49":{"start":{"line":94,"column":6},"end":{"line":94,"column":37}},"50":{"start":{"line":98,"column":10},"end":{"line":104,"column":3}},"51":{"start":{"line":99,"column":16},"end":{"line":99,"column":17}},"52":{"start":{"line":100,"column":4},"end":{"line":102,"column":7}},"53":{"start":{"line":101,"column":6},"end":{"line":101,"column":17}},"54":{"start":{"line":103,"column":4},"end":{"line":103,"column":17}},"55":{"start":{"line":105,"column":0},"end":{"line":105,"column":1}},"56":{"start":{"line":37,"column":13},"end":{"line":37,"column":17}}},"fnMap":{"0":{"name":"(anonymous_0)","decl":{"start":{"line":14,"column":0},"end":{"line":null,"column":-1}},"loc":{"start":{"line":14,"column":0},"end":{"line":14,"column":-1}}},"1":{"name":"(anonymous_2)","decl":{"start":{"line":20,"column":2},"end":{"line":null,"column":-1}},"loc":{"start":{"line":20,"column":2},"end":{"line":34,"column":3}}},"2":{"name":"(anonymous_3)","decl":{"start":{"line":37,"column":0},"end":{"line":null,"column":-1}},"loc":{"start":{"line":37,"column":0},"end":{"line":37,"column":-1}}},"3":{"name":"List","decl":{"start":{"line":41,"column":2},"end":{"line":null,"column":-1}},"loc":{"start":{"line":41,"column":2},"end":{"line":44,"column":3}}},"4":{"name":"(anonymous_5)","decl":{"start":{"line":46,"column":2},"end":{"line":null,"column":-1}},"loc":{"start":{"line":46,"column":2},"end":{"line":48,"column":3}}},"5":{"name":"(anonymous_6)","decl":{"start":{"line":50,"column":2},"end":{"line":50,"column":16}},"loc":{"start":{"line":50,"column":87},"end":{"line":56,"column":3}}},"6":{"name":"(anonymous_7)","decl":{"start":{"line":58,"column":2},"end":{"line":null,"column":-1}},"loc":{"start":{"line":58,"column":2},"end":{"line":60,"column":3}}},"7":{"name":"(anonymous_8)","decl":{"start":{"line":62,"column":2},"end":{"line":null,"column":-1}},"loc":{"start":{"line":62,"column":2},"end":{"line":64,"column":3}}},"8":{"name":"(anonymous_9)","decl":{"start":{"line":66,"column":2},"end":{"line":66,"column":20}},"loc":{"start":{"line":66,"column":78},"end":{"line":75,"column":3}}},"9":{"name":"(anonymous_10)","decl":{"start":{"line":77,"column":2},"end":{"line":77,"column":23}},"loc":{"start":{"line":77,"column":34},"end":{"line":96,"column":3}}},"10":{"name":"(anonymous_11)","decl":{"start":{"line":85,"column":20},"end":{"line":85,"column":20}},"loc":{"start":{"line":85,"column":32},"end":{"line":92,"column":7}}},"11":{"name":"(anonymous_12)","decl":{"start":{"line":98,"column":2},"end":{"line":null,"column":-1}},"loc":{"start":{"line":98,"column":2},"end":{"line":104,"column":3}}},"12":{"name":"(anonymous_13)","decl":{"start":{"line":100,"column":17},"end":{"line":null,"column":-1}},"loc":{"start":{"line":100,"column":17},"end":{"line":102,"column":5}}}},"branchMap":{"0":{"loc":{"start":{"line":21,"column":4},"end":{"line":28,"column":5}},"type":"if","locations":[{"start":{"line":21,"column":4},"end":{"line":28,"column":5}},{"start":{"line":21,"column":4},"end":{"line":28,"column":5}}]},"1":{"loc":{"start":{"line":23,"column":6},"end":{"line":25,"column":7}},"type":"if","locations":[{"start":{"line":23,"column":6},"end":{"line":25,"column":7}},{"start":{"line":23,"column":6},"end":{"line":25,"column":7}}]},"2":{"loc":{"start":{"line":50,"column":42},"end":{"line":50,"column":87}},"type":"if","locations":[{"start":{"line":50,"column":42},"end":{"line":50,"column":87}},{"start":{"line":50,"column":42},"end":{"line":50,"column":87}}]},"3":{"loc":{"start":{"line":51,"column":51},"end":{"line":51,"column":60}},"type":"cond-expr","locations":[{"start":{"line":51,"column":51},"end":{"line":51,"column":60}},{"start":{"line":51,"column":63},"end":{"line":51,"column":72}}]},"4":{"loc":{"start":{"line":54,"column":42},"end":{"line":54,"column":54}},"type":"cond-expr","locations":[{"start":{"line":54,"column":42},"end":{"line":54,"column":54}},{"start":{"line":54,"column":57},"end":{"line":54,"column":69}}]},"5":{"loc":{"start":{"line":66,"column":54},"end":{"line":66,"column":78}},"type":"if","locations":[{"start":{"line":66,"column":54},"end":{"line":66,"column":78}},{"start":{"line":66,"column":54},"end":{"line":66,"column":78}}]},"6":{"loc":{"start":{"line":78,"column":4},"end":{"line":95,"column":5}},"type":"if","locations":[{"start":{"line":78,"column":4},"end":{"line":95,"column":5}},{"start":{"line":78,"column":4},"end":{"line":95,"column":5}}]},"7":{"loc":{"start":{"line":86,"column":8},"end":{"line":90,"column":9}},"type":"if","locations":[{"start":{"line":86,"column":8},"end":{"line":90,"column":9}},{"start":{"line":86,"column":8},"end":{"line":90,"column":9}}]}},"s":{"0":4,"1":23,"2":4,"3":9,"4":2,"5":2,"6":1,"7":6,"8":7,"9":7,"10":7,"11":7,"12":4,"13":4,"14":4,"15":4,"16":7,"17":7,"18":4,"19":19,"20":4,"21":75,"22":38,"23":38,"24":98,"25":97,"26":4,"27":5,"28":4,"29":16,"30":4,"31":18,"32":16,"33":16,"34":16,"35":16,"36":16,"37":16,"38":4,"39":18,"40":1,"41":16,"42":16,"43":16,"44":16,"45":23,"46":7,"47":7,"48":23,"49":16,"50":4,"51":19,"52":19,"53":54,"54":19,"55":4,"56":4},"f":{"0":27,"1":9,"2":4,"3":7,"4":19,"5":38,"6":5,"7":16,"8":16,"9":18,"10":23,"11":19,"12":54},"b":{"0":[2,6],"1":[1,1],"2":[37,1],"3":[37,1],"4":[92,5],"5":[2,14],"6":[1,16],"7":[7,16]}}
,"C:\\Users\\Gary.VG23\\Projects\\__\\lib-ts\\fluxurious\\src\\event.ts": {"path":"C:\\Users\\Gary.VG23\\Projects\\__\\lib-ts\\fluxurious\\src\\event.ts","statementMap":{"0":{"start":{"line":1,"column":0},"end":{"line":1,"column":41}},"1":{"start":{"line":15,"column":0},"end":{"line":144,"column":0}},"2":{"start":{"line":24,"column":10},"end":{"line":24,"column":55}},"3":{"start":{"line":27,"column":4},"end":{"line":27,"column":33}},"4":{"start":{"line":28,"column":12},"end":{"line":28,"column":20}},"5":{"start":{"line":29,"column":4},"end":{"line":29,"column":36}},"6":{"start":{"line":30,"column":4},"end":{"line":30,"column":49}},"7":{"start":{"line":16,"column":16},"end":{"line":18,"column":3}},"8":{"start":{"line":16,"column":26},"end":{"line":16,"column":50}},"9":{"start":{"line":17,"column":4},"end":{"line":17,"column":26}},"10":{"start":{"line":33,"column":2},"end":{"line":35,"column":3}},"11":{"start":{"line":34,"column":4},"end":{"line":34,"column":29}},"12":{"start":{"line":37,"column":9},"end":{"line":39,"column":3}},"13":{"start":{"line":38,"column":4},"end":{"line":38,"column":47}},"14":{"start":{"line":41,"column":9},"end":{"line":43,"column":3}},"15":{"start":{"line":42,"column":4},"end":{"line":42,"column":37}},"16":{"start":{"line":45,"column":9},"end":{"line":54,"column":3}},"17":{"start":{"line":45,"column":2},"end":{"line":54,"column":2}},"18":{"start":{"line":46,"column":4},"end":{"line":53,"column":7}},"19":{"start":{"line":47,"column":6},"end":{"line":52,"column":7}},"20":{"start":{"line":48,"column":8},"end":{"line":48,"column":33}},"21":{"start":{"line":50,"column":8},"end":{"line":50,"column":72}},"22":{"start":{"line":51,"column":8},"end":{"line":51,"column":20}},"23":{"start":{"line":56,"column":9},"end":{"line":58,"column":3}},"24":{"start":{"line":57,"column":4},"end":{"line":57,"column":67}},"25":{"start":{"line":60,"column":9},"end":{"line":62,"column":3}},"26":{"start":{"line":61,"column":4},"end":{"line":61,"column":65}},"27":{"start":{"line":64,"column":10},"end":{"line":96,"column":3}},"28":{"start":{"line":64,"column":2},"end":{"line":96,"column":2}},"29":{"start":{"line":65,"column":10},"end":{"line":65,"column":55}},"30":{"start":{"line":65,"column":12},"end":{"line":65,"column":23}},"31":{"start":{"line":65,"column":25},"end":{"line":65,"column":38}},"32":{"start":{"line":68,"column":4},"end":{"line":74,"column":5}},"33":{"start":{"line":69,"column":6},"end":{"line":69,"column":70}},"34":{"start":{"line":70,"column":11},"end":{"line":74,"column":5}},"35":{"start":{"line":71,"column":6},"end":{"line":71,"column":55}},"36":{"start":{"line":73,"column":6},"end":{"line":73,"column":47}},"37":{"start":{"line":76,"column":21},"end":{"line":76,"column":52}},"38":{"start":{"line":78,"column":4},"end":{"line":78,"column":44}},"39":{"start":{"line":80,"column":4},"end":{"line":88,"column":8}},"40":{"start":{"line":84,"column":18},"end":{"line":84,"column":22}},"41":{"start":{"line":85,"column":12},"end":{"line":85,"column":24}},"42":{"start":{"line":90,"column":4},"end":{"line":95,"column":6}},"43":{"start":{"line":91,"column":6},"end":{"line":94,"column":9}},"44":{"start":{"line":92,"column":8},"end":{"line":92,"column":60}},"45":{"start":{"line":93,"column":8},"end":{"line":93,"column":21}},"46":{"start":{"line":98,"column":10},"end":{"line":117,"column":3}},"47":{"start":{"line":99,"column":45},"end":{"line":99,"column":47}},"48":{"start":{"line":101,"column":4},"end":{"line":114,"column":7}},"49":{"start":{"line":102,"column":6},"end":{"line":113,"column":7}},"50":{"start":{"line":103,"column":29},"end":{"line":103,"column":51}},"51":{"start":{"line":107,"column":22},"end":{"line":107,"column":94}},"52":{"start":{"line":108,"column":8},"end":{"line":108,"column":34}},"53":{"start":{"line":109,"column":8},"end":{"line":109,"column":32}},"54":{"start":{"line":110,"column":8},"end":{"line":110,"column":32}},"55":{"start":{"line":112,"column":8},"end":{"line":112,"column":58}},"56":{"start":{"line":116,"column":4},"end":{"line":116,"column":16}},"57":{"start":{"line":119,"column":10},"end":{"line":128,"column":3}},"58":{"start":{"line":120,"column":25},"end":{"line":120,"column":47}},"59":{"start":{"line":122,"column":18},"end":{"line":122,"column":116}},"60":{"start":{"line":124,"column":4},"end":{"line":124,"column":28}},"61":{"start":{"line":125,"column":4},"end":{"line":125,"column":30}},"62":{"start":{"line":127,"column":4},"end":{"line":127,"column":26}},"63":{"start":{"line":130,"column":10},"end":{"line":143,"column":3}},"64":{"start":{"line":131,"column":12},"end":{"line":131,"column":22}},"65":{"start":{"line":133,"column":4},"end":{"line":133,"column":49}},"66":{"start":{"line":134,"column":4},"end":{"line":142,"column":7}},"67":{"start":{"line":135,"column":14},"end":{"line":135,"column":16}},"68":{"start":{"line":135,"column":18},"end":{"line":135,"column":22}},"69":{"start":{"line":136,"column":6},"end":{"line":141,"column":7}},"70":{"start":{"line":137,"column":8},"end":{"line":137,"column":20}},"71":{"start":{"line":139,"column":8},"end":{"line":139,"column":48}},"72":{"start":{"line":140,"column":8},"end":{"line":140,"column":20}},"73":{"start":{"line":20,"column":17},"end":{"line":20,"column":57}},"74":{"start":{"line":144,"column":0},"end":{"line":144,"column":1}},"75":{"start":{"line":15,"column":13},"end":{"line":15,"column":18}},"76":{"start":{"line":147,"column":0},"end":{"line":147,"column":45}},"77":{"start":{"line":147,"column":41},"end":{"line":147,"column":45}},"78":{"start":{"line":154,"column":0},"end":{"line":154,"column":1}},"79":{"start":{"line":147,"column":13},"end":{"line":147,"column":29}}},"fnMap":{"0":{"name":"(anonymous_5)","decl":{"start":{"line":15,"column":0},"end":{"line":null,"column":-1}},"loc":{"start":{"line":15,"column":0},"end":{"line":15,"column":-1}}},"1":{"name":"Event","decl":{"start":{"line":26,"column":2},"end":{"line":26,"column":13}},"loc":{"start":{"line":26,"column":26},"end":{"line":31,"column":3}}},"2":{"name":"(anonymous_7)","decl":{"start":{"line":16,"column":2},"end":{"line":16,"column":25}},"loc":{"start":{"line":16,"column":50},"end":{"line":18,"column":3}}},"3":{"name":"(anonymous_8)","decl":{"start":{"line":33,"column":2},"end":{"line":null,"column":-1}},"loc":{"start":{"line":33,"column":2},"end":{"line":35,"column":3}}},"4":{"name":"(anonymous_9)","decl":{"start":{"line":37,"column":2},"end":{"line":37,"column":23}},"loc":{"start":{"line":37,"column":55},"end":{"line":39,"column":3}}},"5":{"name":"(anonymous_10)","decl":{"start":{"line":41,"column":2},"end":{"line":null,"column":-1}},"loc":{"start":{"line":41,"column":2},"end":{"line":43,"column":3}}},"6":{"name":"(anonymous_11)","decl":{"start":{"line":45,"column":2},"end":{"line":45,"column":16}},"loc":{"start":{"line":45,"column":28},"end":{"line":54,"column":3}}},"7":{"name":"(anonymous_12)","decl":{"start":{"line":46,"column":17},"end":{"line":null,"column":-1}},"loc":{"start":{"line":46,"column":17},"end":{"line":53,"column":5}}},"8":{"name":"(anonymous_13)","decl":{"start":{"line":56,"column":2},"end":{"line":56,"column":23}},"loc":{"start":{"line":56,"column":93},"end":{"line":58,"column":3}}},"9":{"name":"(anonymous_14)","decl":{"start":{"line":60,"column":2},"end":{"line":60,"column":18}},"loc":{"start":{"line":60,"column":88},"end":{"line":62,"column":3}}},"10":{"name":"(anonymous_15)","decl":{"start":{"line":64,"column":2},"end":{"line":64,"column":22}},"loc":{"start":{"line":64,"column":106},"end":{"line":96,"column":3}}},"11":{"name":"(anonymous_16)","decl":{"start":{"line":84,"column":15},"end":{"line":84,"column":15}},"loc":{"start":{"line":84,"column":24},"end":{"line":86,"column":11}}},"12":{"name":"(anonymous_17)","decl":{"start":{"line":90,"column":11},"end":{"line":null,"column":-1}},"loc":{"start":{"line":90,"column":11},"end":{"line":95,"column":5}}},"13":{"name":"(anonymous_18)","decl":{"start":{"line":91,"column":19},"end":{"line":91,"column":19}},"loc":{"start":{"line":91,"column":23},"end":{"line":94,"column":7}}},"14":{"name":"(anonymous_19)","decl":{"start":{"line":98,"column":2},"end":{"line":98,"column":38}},"loc":{"start":{"line":98,"column":69},"end":{"line":117,"column":3}}},"15":{"name":"(anonymous_20)","decl":{"start":{"line":101,"column":19},"end":{"line":101,"column":19}},"loc":{"start":{"line":101,"column":28},"end":{"line":114,"column":5}}},"16":{"name":"(anonymous_21)","decl":{"start":{"line":119,"column":2},"end":{"line":119,"column":41}},"loc":{"start":{"line":119,"column":85},"end":{"line":128,"column":3}}},"17":{"name":"(anonymous_22)","decl":{"start":{"line":130,"column":2},"end":{"line":130,"column":19}},"loc":{"start":{"line":130,"column":30},"end":{"line":143,"column":3}}},"18":{"name":"(anonymous_23)","decl":{"start":{"line":134,"column":23},"end":{"line":134,"column":23}},"loc":{"start":{"line":134,"column":27},"end":{"line":142,"column":5}}},"19":{"name":"(anonymous_24)","decl":{"start":{"line":147,"column":0},"end":{"line":null,"column":-1}},"loc":{"start":{"line":147,"column":0},"end":{"line":147,"column":-1}}},"20":{"name":"SubscriptionNode","decl":{"start":{"line":151,"column":2},"end":{"line":null,"column":-1}},"loc":{"start":{"line":151,"column":2},"end":{"line":153,"column":3}}}},"branchMap":{"0":{"loc":{"start":{"line":29,"column":4},"end":{"line":29,"column":12}},"type":"binary-expr","locations":[{"start":{"line":29,"column":4},"end":{"line":29,"column":12}},{"start":{"line":29,"column":16},"end":{"line":29,"column":35}}]},"1":{"loc":{"start":{"line":16,"column":26},"end":{"line":16,"column":50}},"type":"if","locations":[{"start":{"line":16,"column":26},"end":{"line":16,"column":50}},{"start":{"line":16,"column":26},"end":{"line":16,"column":50}}]},"2":{"loc":{"start":{"line":68,"column":4},"end":{"line":74,"column":5}},"type":"if","locations":[{"start":{"line":68,"column":4},"end":{"line":74,"column":5}},{"start":{"line":68,"column":4},"end":{"line":74,"column":5}}]},"3":{"loc":{"start":{"line":70,"column":11},"end":{"line":74,"column":5}},"type":"if","locations":[{"start":{"line":70,"column":11},"end":{"line":74,"column":5}},{"start":{"line":70,"column":11},"end":{"line":74,"column":5}}]},"4":{"loc":{"start":{"line":80,"column":4},"end":{"line":80,"column":15}},"type":"binary-expr","locations":[{"start":{"line":80,"column":4},"end":{"line":80,"column":15}},{"start":{"line":81,"column":6},"end":{"line":88,"column":7}}]},"5":{"loc":{"start":{"line":92,"column":8},"end":{"line":92,"column":21}},"type":"binary-expr","locations":[{"start":{"line":92,"column":8},"end":{"line":92,"column":21}},{"start":{"line":92,"column":25},"end":{"line":92,"column":59}}]},"6":{"loc":{"start":{"line":102,"column":6},"end":{"line":113,"column":7}},"type":"if","locations":[{"start":{"line":102,"column":6},"end":{"line":113,"column":7}},{"start":{"line":102,"column":6},"end":{"line":113,"column":7}}]},"7":{"loc":{"start":{"line":107,"column":62},"end":{"line":107,"column":72}},"type":"cond-expr","locations":[{"start":{"line":107,"column":62},"end":{"line":107,"column":72}},{"start":{"line":107,"column":75},"end":{"line":107,"column":94}}]},"8":{"loc":{"start":{"line":107,"column":22},"end":{"line":107,"column":32}},"type":"binary-expr","locations":[{"start":{"line":107,"column":22},"end":{"line":107,"column":32}},{"start":{"line":107,"column":36},"end":{"line":107,"column":59}}]},"9":{"loc":{"start":{"line":107,"column":75},"end":{"line":107,"column":89}},"type":"binary-expr","locations":[{"start":{"line":107,"column":75},"end":{"line":107,"column":89}},{"start":{"line":107,"column":93},"end":{"line":107,"column":94}}]},"10":{"loc":{"start":{"line":122,"column":18},"end":{"line":122,"column":28}},"type":"binary-expr","locations":[{"start":{"line":122,"column":18},"end":{"line":122,"column":28}},{"start":{"line":122,"column":33},"end":{"line":122,"column":115}}]},"11":{"loc":{"start":{"line":122,"column":73},"end":{"line":122,"column":83}},"type":"cond-expr","locations":[{"start":{"line":122,"column":73},"end":{"line":122,"column":83}},{"start":{"line":122,"column":86},"end":{"line":122,"column":115}}]},"12":{"loc":{"start":{"line":122,"column":33},"end":{"line":122,"column":43}},"type":"binary-expr","locations":[{"start":{"line":122,"column":33},"end":{"line":122,"column":43}},{"start":{"line":122,"column":47},"end":{"line":122,"column":70}}]},"13":{"loc":{"start":{"line":122,"column":86},"end":{"line":122,"column":100}},"type":"binary-expr","locations":[{"start":{"line":122,"column":86},"end":{"line":122,"column":100}},{"start":{"line":122,"column":104},"end":{"line":122,"column":115}}]},"14":{"loc":{"start":{"line":133,"column":4},"end":{"line":133,"column":14}},"type":"binary-expr","locations":[{"start":{"line":133,"column":4},"end":{"line":133,"column":14}},{"start":{"line":133,"column":18},"end":{"line":133,"column":48}}]},"15":{"loc":{"start":{"line":152,"column":4},"end":{"line":152,"column":11}},"type":"binary-expr","locations":[{"start":{"line":152,"column":4},"end":{"line":152,"column":11}},{"start":{"line":152,"column":11},"end":{"line":null,"column":-1}}]}},"s":{"0":3,"1":3,"2":6,"3":6,"4":6,"5":6,"6":6,"7":3,"8":3,"9":2,"10":3,"11":11,"12":3,"13":2,"14":3,"15":1,"16":3,"17":18,"18":18,"19":18,"20":18,"21":2,"22":2,"23":3,"24":2,"25":3,"26":14,"27":3,"28":16,"29":16,"30":16,"31":16,"32":16,"33":10,"34":6,"35":5,"36":1,"37":14,"38":13,"39":13,"40":7,"41":7,"42":13,"43":4,"44":5,"45":5,"46":3,"47":5,"48":5,"49":7,"50":6,"51":6,"52":6,"53":6,"54":6,"55":1,"56":4,"57":3,"58":10,"59":10,"60":10,"61":10,"62":10,"63":3,"64":17,"65":17,"66":17,"67":32,"68":32,"69":32,"70":32,"71":1,"72":1,"73":3,"74":3,"75":3,"76":3,"77":3,"78":3,"79":3},"f":{"0":3,"1":6,"2":2,"3":11,"4":2,"5":1,"6":18,"7":18,"8":2,"9":14,"10":16,"11":7,"12":4,"13":5,"14":5,"15":7,"16":10,"17":17,"18":32,"19":3,"20":16},"b":{"0":[6,1],"1":[1,1],"2":[10,6],"3":[5,1],"4":[13,5],"5":[5,4],"6":[6,1],"7":[4,2],"8":[6,5],"9":[2,1],"10":[10,6],"11":[2,4],"12":[6,4],"13":[4,2],"14":[17,8],"15":[16,16]}}
,"C:\\Users\\Gary.VG23\\Projects\\__\\lib-ts\\fluxurious\\src\\index.ts": {"path":"C:\\Users\\Gary.VG23\\Projects\\__\\lib-ts\\fluxurious\\src\\index.ts","statementMap":{"0":{"start":{"line":1,"column":0},"end":{"line":1,"column":44}},"1":{"start":{"line":1,"column":9},"end":{"line":1,"column":14}},"2":{"start":{"line":1,"column":16},"end":{"line":1,"column":27}},"3":{"start":{"line":2,"column":0},"end":{"line":2,"column":44}},"4":{"start":{"line":2,"column":9},"end":{"line":2,"column":14}},"5":{"start":{"line":2,"column":16},"end":{"line":2,"column":27}},"6":{"start":{"line":3,"column":0},"end":{"line":3,"column":79}},"7":{"start":{"line":3,"column":9},"end":{"line":3,"column":28}},"8":{"start":{"line":3,"column":30},"end":{"line":3,"column":39}},"9":{"start":{"line":3,"column":41},"end":{"line":3,"column":53}},"10":{"start":{"line":3,"column":55},"end":{"line":3,"column":62}},"11":{"start":{"line":4,"column":0},"end":{"line":4,"column":35}},"12":{"start":{"line":4,"column":9},"end":{"line":4,"column":16}},"13":{"start":{"line":5,"column":0},"end":{"line":5,"column":64}},"14":{"start":{"line":5,"column":9},"end":{"line":5,"column":28}},"15":{"start":{"line":5,"column":30},"end":{"line":5,"column":49}}},"fnMap":{},"branchMap":{},"s":{"0":3,"1":3,"2":3,"3":3,"4":3,"5":3,"6":3,"7":3,"8":3,"9":3,"10":3,"11":3,"12":3,"13":3,"14":3,"15":3},"f":{},"b":{}}
,"C:\\Users\\Gary.VG23\\Projects\\__\\lib-ts\\fluxurious\\src\\log.ts": {"path":"C:\\Users\\Gary.VG23\\Projects\\__\\lib-ts\\fluxurious\\src\\log.ts","statementMap":{"0":{"start":{"line":5,"column":13},"end":{"line":18,"column":2}},"1":{"start":{"line":7,"column":4},"end":{"line":7,"column":41}},"2":{"start":{"line":10,"column":4},"end":{"line":10,"column":78}},"3":{"start":{"line":13,"column":4},"end":{"line":13,"column":76}},"4":{"start":{"line":16,"column":4},"end":{"line":16,"column":80}},"5":{"start":{"line":20,"column":13},"end":{"line":24,"column":2}},"6":{"start":{"line":22,"column":4},"end":{"line":22,"column":41}},"7":{"start":{"line":26,"column":13},"end":{"line":48,"column":2}},"8":{"start":{"line":28,"column":4},"end":{"line":28,"column":40}},"9":{"start":{"line":31,"column":4},"end":{"line":31,"column":40}},"10":{"start":{"line":34,"column":4},"end":{"line":34,"column":42}},"11":{"start":{"line":37,"column":4},"end":{"line":37,"column":45}},"12":{"start":{"line":40,"column":4},"end":{"line":40,"column":47}},"13":{"start":{"line":43,"column":4},"end":{"line":43,"column":44}},"14":{"start":{"line":46,"column":4},"end":{"line":46,"column":38}}},"fnMap":{"0":{"name":"(anonymous_0)","decl":{"start":{"line":6,"column":12},"end":{"line":6,"column":12}},"loc":{"start":{"line":6,"column":30},"end":{"line":8,"column":3}}},"1":{"name":"(anonymous_1)","decl":{"start":{"line":9,"column":14},"end":{"line":9,"column":14}},"loc":{"start":{"line":9,"column":46},"end":{"line":11,"column":3}}},"2":{"name":"(anonymous_2)","decl":{"start":{"line":12,"column":15},"end":{"line":12,"column":15}},"loc":{"start":{"line":12,"column":57},"end":{"line":14,"column":3}}},"3":{"name":"(anonymous_3)","decl":{"start":{"line":15,"column":17},"end":{"line":15,"column":17}},"loc":{"start":{"line":15,"column":59},"end":{"line":17,"column":3}}},"4":{"name":"(anonymous_4)","decl":{"start":{"line":21,"column":12},"end":{"line":21,"column":12}},"loc":{"start":{"line":21,"column":30},"end":{"line":23,"column":3}}},"5":{"name":"(anonymous_5)","decl":{"start":{"line":27,"column":12},"end":{"line":27,"column":12}},"loc":{"start":{"line":27,"column":29},"end":{"line":29,"column":3}}},"6":{"name":"(anonymous_6)","decl":{"start":{"line":30,"column":19},"end":{"line":30,"column":19}},"loc":{"start":{"line":30,"column":36},"end":{"line":32,"column":3}}},"7":{"name":"(anonymous_7)","decl":{"start":{"line":33,"column":21},"end":{"line":33,"column":21}},"loc":{"start":{"line":33,"column":38},"end":{"line":35,"column":3}}},"8":{"name":"(anonymous_8)","decl":{"start":{"line":36,"column":19},"end":{"line":36,"column":19}},"loc":{"start":{"line":36,"column":41},"end":{"line":38,"column":3}}},"9":{"name":"(anonymous_9)","decl":{"start":{"line":39,"column":21},"end":{"line":39,"column":21}},"loc":{"start":{"line":39,"column":43},"end":{"line":41,"column":3}}},"10":{"name":"(anonymous_10)","decl":{"start":{"line":42,"column":25},"end":{"line":42,"column":25}},"loc":{"start":{"line":42,"column":42},"end":{"line":44,"column":3}}},"11":{"name":"(anonymous_11)","decl":{"start":{"line":45,"column":20},"end":{"line":45,"column":20}},"loc":{"start":{"line":45,"column":37},"end":{"line":47,"column":3}}}},"branchMap":{},"s":{"0":3,"1":1,"2":8,"3":5,"4":4,"5":3,"6":1,"7":3,"8":1,"9":3,"10":1,"11":3,"12":1,"13":3,"14":6},"f":{"0":1,"1":8,"2":5,"3":4,"4":1,"5":1,"6":3,"7":1,"8":3,"9":1,"10":3,"11":6},"b":{}}
,"C:\\Users\\Gary.VG23\\Projects\\__\\lib-ts\\fluxurious\\src\\store.ts": {"path":"C:\\Users\\Gary.VG23\\Projects\\__\\lib-ts\\fluxurious\\src\\store.ts","statementMap":{"0":{"start":{"line":2,"column":0},"end":{"line":2,"column":31}},"1":{"start":{"line":8,"column":0},"end":{"line":61,"column":0}},"2":{"start":{"line":21,"column":4},"end":{"line":21,"column":34}},"3":{"start":{"line":22,"column":4},"end":{"line":24,"column":5}},"4":{"start":{"line":23,"column":6},"end":{"line":23,"column":64}},"5":{"start":{"line":25,"column":12},"end":{"line":25,"column":20}},"6":{"start":{"line":26,"column":4},"end":{"line":26,"column":37}},"7":{"start":{"line":27,"column":4},"end":{"line":27,"column":48}},"8":{"start":{"line":28,"column":4},"end":{"line":28,"column":27}},"9":{"start":{"line":29,"column":4},"end":{"line":29,"column":31}},"10":{"start":{"line":9,"column":16},"end":{"line":11,"column":3}},"11":{"start":{"line":9,"column":26},"end":{"line":9,"column":50}},"12":{"start":{"line":10,"column":4},"end":{"line":10,"column":26}},"13":{"start":{"line":32,"column":2},"end":{"line":34,"column":3}},"14":{"start":{"line":33,"column":4},"end":{"line":33,"column":22}},"15":{"start":{"line":36,"column":2},"end":{"line":39,"column":3}},"16":{"start":{"line":37,"column":4},"end":{"line":37,"column":23}},"17":{"start":{"line":41,"column":9},"end":{"line":60,"column":3}},"18":{"start":{"line":41,"column":2},"end":{"line":60,"column":2}},"19":{"start":{"line":43,"column":19},"end":{"line":49,"column":5}},"20":{"start":{"line":44,"column":27},"end":{"line":44,"column":38}},"21":{"start":{"line":45,"column":6},"end":{"line":45,"column":51}},"22":{"start":{"line":46,"column":6},"end":{"line":48,"column":7}},"23":{"start":{"line":47,"column":8},"end":{"line":47,"column":46}},"24":{"start":{"line":52,"column":4},"end":{"line":57,"column":7}},"25":{"start":{"line":59,"column":4},"end":{"line":59,"column":18}},"26":{"start":{"line":13,"column":17},"end":{"line":13,"column":57}},"27":{"start":{"line":15,"column":17},"end":{"line":15,"column":38}},"28":{"start":{"line":61,"column":0},"end":{"line":61,"column":1}},"29":{"start":{"line":8,"column":13},"end":{"line":8,"column":18}}},"fnMap":{"0":{"name":"(anonymous_0)","decl":{"start":{"line":8,"column":0},"end":{"line":null,"column":-1}},"loc":{"start":{"line":8,"column":0},"end":{"line":8,"column":-1}}},"1":{"name":"Store","decl":{"start":{"line":20,"column":2},"end":{"line":20,"column":13}},"loc":{"start":{"line":20,"column":43},"end":{"line":30,"column":3}}},"2":{"name":"(anonymous_2)","decl":{"start":{"line":9,"column":2},"end":{"line":9,"column":25}},"loc":{"start":{"line":9,"column":50},"end":{"line":11,"column":3}}},"3":{"name":"(anonymous_3)","decl":{"start":{"line":32,"column":2},"end":{"line":null,"column":-1}},"loc":{"start":{"line":32,"column":2},"end":{"line":34,"column":3}}},"4":{"name":"(anonymous_4)","decl":{"start":{"line":36,"column":2},"end":{"line":null,"column":-1}},"loc":{"start":{"line":36,"column":2},"end":{"line":39,"column":3}}},"5":{"name":"(anonymous_5)","decl":{"start":{"line":41,"column":2},"end":{"line":41,"column":26}},"loc":{"start":{"line":41,"column":53},"end":{"line":60,"column":3}}},"6":{"name":"(anonymous_6)","decl":{"start":{"line":43,"column":19},"end":{"line":43,"column":19}},"loc":{"start":{"line":43,"column":30},"end":{"line":49,"column":5}}}},"branchMap":{"0":{"loc":{"start":{"line":22,"column":4},"end":{"line":24,"column":5}},"type":"if","locations":[{"start":{"line":22,"column":4},"end":{"line":24,"column":5}},{"start":{"line":22,"column":4},"end":{"line":24,"column":5}}]},"1":{"loc":{"start":{"line":26,"column":4},"end":{"line":26,"column":12}},"type":"binary-expr","locations":[{"start":{"line":26,"column":4},"end":{"line":26,"column":12}},{"start":{"line":26,"column":16},"end":{"line":26,"column":36}}]},"2":{"loc":{"start":{"line":9,"column":26},"end":{"line":9,"column":50}},"type":"if","locations":[{"start":{"line":9,"column":26},"end":{"line":9,"column":50}},{"start":{"line":9,"column":26},"end":{"line":9,"column":50}}]},"3":{"loc":{"start":{"line":46,"column":6},"end":{"line":48,"column":7}},"type":"if","locations":[{"start":{"line":46,"column":6},"end":{"line":48,"column":7}},{"start":{"line":46,"column":6},"end":{"line":48,"column":7}}]},"4":{"loc":{"start":{"line":56,"column":39},"end":{"line":56,"column":53}},"type":"binary-expr","locations":[{"start":{"line":56,"column":39},"end":{"line":56,"column":53}},{"start":{"line":56,"column":57},"end":{"line":56,"column":68}}]}},"s":{"0":3,"1":3,"2":3,"3":3,"4":1,"5":2,"6":2,"7":2,"8":2,"9":2,"10":3,"11":3,"12":2,"13":3,"14":1,"15":3,"16":14,"17":3,"18":3,"19":3,"20":5,"21":5,"22":5,"23":4,"24":3,"25":3,"26":3,"27":3,"28":3,"29":3},"f":{"0":3,"1":3,"2":2,"3":1,"4":14,"5":3,"6":5},"b":{"0":[1,2],"1":[2,1],"2":[1,1],"3":[4,1],"4":[3,3]}}
}
