TN:
SF:C:\Users\Gary.VG23\Projects\__\lib-ts\fluxurious\jest.test.setup.js
FNF:0
FNH:0
DA:1,4
DA:2,4
DA:3,4
DA:5,4
LF:4
LH:4
BRF:0
BRH:0
end_of_record
TN:
SF:C:\Users\Gary.VG23\Projects\__\lib-ts\fluxurious\src\context.tsx
FN:27,(anonymous_8)
FN:39,Context
FN:121,(anonymous_10)
FN:125,(anonymous_11)
FN:49,(anonymous_12)
FN:50,MyProvider
FN:80,(anonymous_14)
FN:56,(anonymous_15)
FN:62,(anonymous_16)
FN:67,(anonymous_17)
FN:74,(anonymous_18)
FN:28,(anonymous_19)
FN:91,(anonymous_20)
FN:97,(anonymous_21)
FN:97,WithState
FN:98,(anonymous_23)
FN:102,(anonymous_24)
FN:106,(anonymous_25)
FN:109,(anonymous_26)
FNF:19
FNH:19
FNDA:3,(anonymous_8)
FNDA:1,Context
FNDA:4,(anonymous_10)
FNDA:5,(anonymous_11)
FNDA:1,(anonymous_12)
FNDA:3,MyProvider
FNDA:3,(anonymous_14)
FNDA:3,(anonymous_15)
FNDA:3,(anonymous_16)
FNDA:1,(anonymous_17)
FNDA:6,(anonymous_18)
FNDA:2,(anonymous_19)
FNDA:3,(anonymous_20)
FNDA:3,(anonymous_21)
FNDA:3,WithState
FNDA:3,(anonymous_23)
FNDA:1,(anonymous_24)
FNDA:3,(anonymous_25)
FNDA:5,(anonymous_26)
DA:1,3
DA:4,3
DA:27,3
DA:28,3
DA:29,2
DA:32,3
DA:37,1
DA:39,1
DA:40,1
DA:41,1
DA:42,1
DA:43,1
DA:44,1
DA:46,1
DA:47,1
DA:49,1
DA:51,3
DA:52,3
DA:53,3
DA:56,1
DA:57,3
DA:58,3
DA:59,3
DA:62,1
DA:63,3
DA:64,3
DA:67,1
DA:68,1
DA:69,1
DA:70,1
DA:71,1
DA:74,1
DA:75,6
DA:76,6
DA:77,6
DA:80,3
DA:81,3
DA:82,0
DA:84,3
DA:85,3
DA:86,3
DA:88,1
DA:91,3
DA:92,3
DA:93,3
DA:94,3
DA:95,3
DA:97,3
DA:98,3
DA:99,3
DA:102,3
DA:103,1
DA:106,3
DA:107,3
DA:109,3
DA:110,5
DA:111,1
DA:113,5
DA:114,5
DA:115,5
DA:118,3
DA:121,1
DA:122,4
DA:125,1
DA:126,5
DA:128,3
LF:66
LH:65
BRDA:44,0,0,1
BRDA:44,0,1,1
BRDA:51,1,0,3
BRDA:51,1,1,3
BRDA:81,2,0,0
BRDA:81,2,1,3
BRDA:85,3,0,3
BRDA:85,3,1,3
BRDA:58,4,0,3
BRDA:58,4,1,3
BRDA:64,5,0,3
BRDA:64,5,1,3
BRDA:70,6,0,1
BRDA:70,6,1,1
BRDA:76,7,0,6
BRDA:76,7,1,6
BRDA:28,8,0,1
BRDA:28,8,1,1
BRDA:99,9,0,3
BRDA:99,9,1,3
BRDA:99,10,0,3
BRDA:99,10,1,3
BRDA:103,11,0,1
BRDA:103,11,1,1
BRDA:103,12,0,1
BRDA:103,12,1,1
BRDA:110,13,0,1
BRDA:110,13,1,4
BRF:28
BRH:27
end_of_record
TN:
SF:C:\Users\Gary.VG23\Projects\__\lib-ts\fluxurious\src\dll.ts
FN:14,(anonymous_0)
FN:20,(anonymous_2)
FN:37,(anonymous_3)
FN:41,List
FN:46,(anonymous_5)
FN:50,(anonymous_6)
FN:58,(anonymous_7)
FN:62,(anonymous_8)
FN:66,(anonymous_9)
FN:77,(anonymous_10)
FN:85,(anonymous_11)
FN:98,(anonymous_12)
FN:100,(anonymous_13)
FNF:13
FNH:13
FNDA:27,(anonymous_0)
FNDA:9,(anonymous_2)
FNDA:4,(anonymous_3)
FNDA:7,List
FNDA:19,(anonymous_5)
FNDA:38,(anonymous_6)
FNDA:5,(anonymous_7)
FNDA:16,(anonymous_8)
FNDA:16,(anonymous_9)
FNDA:18,(anonymous_10)
FNDA:23,(anonymous_11)
FNDA:19,(anonymous_12)
FNDA:54,(anonymous_13)
DA:14,4
DA:15,4
DA:18,23
DA:20,4
DA:21,9
DA:22,2
DA:23,2
DA:24,1
DA:27,6
DA:29,7
DA:30,7
DA:32,7
DA:33,7
DA:35,4
DA:37,4
DA:42,7
DA:43,7
DA:46,4
DA:47,19
DA:50,75
DA:51,38
DA:52,38
DA:53,98
DA:54,97
DA:58,4
DA:59,5
DA:62,4
DA:63,16
DA:66,18
DA:67,16
DA:68,16
DA:69,16
DA:71,16
DA:72,16
DA:74,16
DA:77,4
DA:78,18
DA:79,1
DA:81,16
DA:82,16
DA:83,16
DA:85,16
DA:86,23
DA:88,7
DA:89,7
DA:91,23
DA:94,16
DA:98,4
DA:99,19
DA:100,19
DA:101,54
DA:103,19
DA:105,4
LF:53
LH:53
BRDA:21,0,0,2
BRDA:21,0,1,6
BRDA:23,1,0,1
BRDA:23,1,1,1
BRDA:50,2,0,37
BRDA:50,2,1,1
BRDA:51,3,0,37
BRDA:51,3,1,1
BRDA:54,4,0,92
BRDA:54,4,1,5
BRDA:66,5,0,2
BRDA:66,5,1,14
BRDA:78,6,0,1
BRDA:78,6,1,16
BRDA:86,7,0,7
BRDA:86,7,1,16
BRF:16
BRH:16
end_of_record
TN:
SF:C:\Users\Gary.VG23\Projects\__\lib-ts\fluxurious\src\event.ts
FN:15,(anonymous_5)
FN:26,Event
FN:16,(anonymous_7)
FN:33,(anonymous_8)
FN:37,(anonymous_9)
FN:41,(anonymous_10)
FN:45,(anonymous_11)
FN:46,(anonymous_12)
FN:56,(anonymous_13)
FN:60,(anonymous_14)
FN:64,(anonymous_15)
FN:84,(anonymous_16)
FN:90,(anonymous_17)
FN:91,(anonymous_18)
FN:98,(anonymous_19)
FN:101,(anonymous_20)
FN:119,(anonymous_21)
FN:130,(anonymous_22)
FN:134,(anonymous_23)
FN:147,(anonymous_24)
FN:151,SubscriptionNode
FNF:21
FNH:21
FNDA:3,(anonymous_5)
FNDA:6,Event
FNDA:2,(anonymous_7)
FNDA:11,(anonymous_8)
FNDA:2,(anonymous_9)
FNDA:1,(anonymous_10)
FNDA:18,(anonymous_11)
FNDA:18,(anonymous_12)
FNDA:2,(anonymous_13)
FNDA:14,(anonymous_14)
FNDA:16,(anonymous_15)
FNDA:7,(anonymous_16)
FNDA:4,(anonymous_17)
FNDA:5,(anonymous_18)
FNDA:5,(anonymous_19)
FNDA:7,(anonymous_20)
FNDA:10,(anonymous_21)
FNDA:17,(anonymous_22)
FNDA:32,(anonymous_23)
FNDA:3,(anonymous_24)
FNDA:16,SubscriptionNode
DA:1,3
DA:15,3
DA:16,3
DA:17,2
DA:20,3
DA:24,6
DA:27,6
DA:28,6
DA:29,6
DA:30,6
DA:33,3
DA:34,11
DA:37,3
DA:38,2
DA:41,3
DA:42,1
DA:45,18
DA:46,18
DA:47,18
DA:48,18
DA:50,2
DA:51,2
DA:56,3
DA:57,2
DA:60,3
DA:61,14
DA:64,16
DA:65,16
DA:68,16
DA:69,10
DA:70,6
DA:71,5
DA:73,1
DA:76,14
DA:78,13
DA:80,13
DA:84,7
DA:85,7
DA:90,13
DA:91,4
DA:92,5
DA:93,5
DA:98,3
DA:99,5
DA:101,5
DA:102,7
DA:103,6
DA:107,6
DA:108,6
DA:109,6
DA:110,6
DA:112,1
DA:116,4
DA:119,3
DA:120,10
DA:122,10
DA:124,10
DA:125,10
DA:127,10
DA:130,3
DA:131,17
DA:133,17
DA:134,17
DA:135,32
DA:136,32
DA:137,32
DA:139,1
DA:140,1
DA:144,3
DA:147,3
DA:154,3
LF:71
LH:71
BRDA:29,0,0,6
BRDA:29,0,1,1
BRDA:16,1,0,1
BRDA:16,1,1,1
BRDA:68,2,0,10
BRDA:68,2,1,6
BRDA:70,3,0,5
BRDA:70,3,1,1
BRDA:80,4,0,13
BRDA:80,4,1,5
BRDA:92,5,0,5
BRDA:92,5,1,4
BRDA:102,6,0,6
BRDA:102,6,1,1
BRDA:107,7,0,4
BRDA:107,7,1,2
BRDA:107,8,0,6
BRDA:107,8,1,5
BRDA:107,9,0,2
BRDA:107,9,1,1
BRDA:122,10,0,10
BRDA:122,10,1,6
BRDA:122,11,0,2
BRDA:122,11,1,4
BRDA:122,12,0,6
BRDA:122,12,1,4
BRDA:122,13,0,4
BRDA:122,13,1,2
BRDA:133,14,0,17
BRDA:133,14,1,8
BRDA:152,15,0,16
BRDA:152,15,1,16
BRF:32
BRH:32
end_of_record
TN:
SF:C:\Users\Gary.VG23\Projects\__\lib-ts\fluxurious\src\index.ts
FNF:0
FNH:0
DA:1,3
DA:2,3
DA:3,3
DA:4,3
DA:5,3
LF:5
LH:5
BRF:0
BRH:0
end_of_record
TN:
SF:C:\Users\Gary.VG23\Projects\__\lib-ts\fluxurious\src\log.ts
FN:6,(anonymous_0)
FN:9,(anonymous_1)
FN:12,(anonymous_2)
FN:15,(anonymous_3)
FN:21,(anonymous_4)
FN:27,(anonymous_5)
FN:30,(anonymous_6)
FN:33,(anonymous_7)
FN:36,(anonymous_8)
FN:39,(anonymous_9)
FN:42,(anonymous_10)
FN:45,(anonymous_11)
FNF:12
FNH:12
FNDA:1,(anonymous_0)
FNDA:8,(anonymous_1)
FNDA:5,(anonymous_2)
FNDA:4,(anonymous_3)
FNDA:1,(anonymous_4)
FNDA:1,(anonymous_5)
FNDA:3,(anonymous_6)
FNDA:1,(anonymous_7)
FNDA:3,(anonymous_8)
FNDA:1,(anonymous_9)
FNDA:3,(anonymous_10)
FNDA:6,(anonymous_11)
DA:5,3
DA:7,1
DA:10,8
DA:13,5
DA:16,4
DA:20,3
DA:22,1
DA:26,3
DA:28,1
DA:31,3
DA:34,1
DA:37,3
DA:40,1
DA:43,3
DA:46,6
LF:15
LH:15
BRF:0
BRH:0
end_of_record
TN:
SF:C:\Users\Gary.VG23\Projects\__\lib-ts\fluxurious\src\store.ts
FN:8,(anonymous_0)
FN:20,Store
FN:9,(anonymous_2)
FN:32,(anonymous_3)
FN:36,(anonymous_4)
FN:41,(anonymous_5)
FN:43,(anonymous_6)
FNF:7
FNH:7
FNDA:3,(anonymous_0)
FNDA:3,Store
FNDA:2,(anonymous_2)
FNDA:1,(anonymous_3)
FNDA:14,(anonymous_4)
FNDA:3,(anonymous_5)
FNDA:5,(anonymous_6)
DA:2,3
DA:8,3
DA:9,3
DA:10,2
DA:13,3
DA:15,3
DA:21,3
DA:22,3
DA:23,1
DA:25,2
DA:26,2
DA:27,2
DA:28,2
DA:29,2
DA:32,3
DA:33,1
DA:36,3
DA:37,14
DA:41,3
DA:43,3
DA:44,5
DA:45,5
DA:46,5
DA:47,4
DA:52,3
DA:59,3
DA:61,3
LF:27
LH:27
BRDA:22,0,0,1
BRDA:22,0,1,2
BRDA:26,1,0,2
BRDA:26,1,1,1
BRDA:9,2,0,1
BRDA:9,2,1,1
BRDA:46,3,0,4
BRDA:46,3,1,1
BRDA:56,4,0,3
BRDA:56,4,1,3
BRF:10
BRH:10
end_of_record
